<?xml version="1.0" encoding="UTF-8"?>
<!-- Generated by org.testng.reporters.JUnitXMLReporter -->
<testsuite ignored="0" hostname="LAPTOP-DQ369GKF" failures="0" tests="4" name="Command line test" time="13.289" errors="0" timestamp="2022-02-13T19:28:14 IST">
  <testcase classname="selenium.MyFirstSeleniumTest" name="myTest1" time="4.001"/>
  <testcase classname="selenium.MyFirstSeleniumTest" name="myTest2" time="4.167"/>
  <testcase classname="selenium.TestngAnnotationExample" name="m1" time="0.0"/>
  <testcase classname="selenium.TestngAnnotationExample" name="m2" time="0.0"/>
</testsuite> <!-- Command line test -->
