<?xml version="1.0" encoding="UTF-8"?>
<testng-results ignored="0" total="4" passed="4" failed="0" skipped="0">
  <reporter-output>
  </reporter-output>
  <suite started-at="2022-02-13T19:28:01 IST" name="Command line suite" finished-at="2022-02-13T19:28:14 IST" duration-ms="13289">
    <groups>
    </groups>
    <test started-at="2022-02-13T19:28:01 IST" name="Command line test" finished-at="2022-02-13T19:28:14 IST" duration-ms="13289">
      <class name="selenium.TestngAnnotationExample">
        <test-method signature="m2()[pri:0, instance:selenium.TestngAnnotationExample@c0c2f8d]" started-at="2022-02-13T19:28:14 IST" name="m2" finished-at="2022-02-13T19:28:14 IST" depends-on-methods="selenium.TestngAnnotationExample.m1" duration-ms="0" status="PASS">
          <reporter-output>
          </reporter-output>
        </test-method> <!-- m2 -->
        <test-method is-config="true" signature="bT()[pri:0, instance:selenium.TestngAnnotationExample@c0c2f8d]" started-at="2022-02-13T19:28:14 IST" name="bT" finished-at="2022-02-13T19:28:14 IST" duration-ms="0" status="PASS">
          <reporter-output>
          </reporter-output>
        </test-method> <!-- bT -->
        <test-method signature="m1()[pri:0, instance:selenium.TestngAnnotationExample@c0c2f8d]" started-at="2022-02-13T19:28:14 IST" name="m1" finished-at="2022-02-13T19:28:14 IST" duration-ms="0" status="PASS">
          <reporter-output>
          </reporter-output>
        </test-method> <!-- m1 -->
        <test-method is-config="true" signature="bT()[pri:0, instance:selenium.TestngAnnotationExample@c0c2f8d]" started-at="2022-02-13T19:28:14 IST" name="bT" finished-at="2022-02-13T19:28:14 IST" duration-ms="0" status="PASS">
          <reporter-output>
          </reporter-output>
        </test-method> <!-- bT -->
        <test-method is-config="true" signature="aT()[pri:0, instance:selenium.TestngAnnotationExample@c0c2f8d]" started-at="2022-02-13T19:28:14 IST" name="aT" finished-at="2022-02-13T19:28:14 IST" duration-ms="0" status="PASS">
          <reporter-output>
          </reporter-output>
        </test-method> <!-- aT -->
        <test-method is-config="true" signature="aT()[pri:0, instance:selenium.TestngAnnotationExample@c0c2f8d]" started-at="2022-02-13T19:28:14 IST" name="aT" finished-at="2022-02-13T19:28:14 IST" duration-ms="0" status="PASS">
          <reporter-output>
          </reporter-output>
        </test-method> <!-- aT -->
      </class> <!-- selenium.TestngAnnotationExample -->
      <class name="selenium.MyFirstSeleniumTest">
        <test-method is-config="true" signature="launhBrowser()[pri:0, instance:selenium.MyFirstSeleniumTest@3d285d7e]" started-at="2022-02-13T19:28:01 IST" name="launhBrowser" finished-at="2022-02-13T19:28:04 IST" duration-ms="2733" status="PASS">
          <reporter-output>
          </reporter-output>
        </test-method> <!-- launhBrowser -->
        <test-method signature="myTest1()[pri:0, instance:selenium.MyFirstSeleniumTest@3d285d7e]" started-at="2022-02-13T19:28:04 IST" name="myTest1" finished-at="2022-02-13T19:28:08 IST" duration-ms="4001" status="PASS">
          <reporter-output>
          </reporter-output>
        </test-method> <!-- myTest1 -->
        <test-method is-config="true" signature="closeBrowser()[pri:0, instance:selenium.MyFirstSeleniumTest@3d285d7e]" started-at="2022-02-13T19:28:08 IST" name="closeBrowser" finished-at="2022-02-13T19:28:09 IST" duration-ms="632" status="PASS">
          <reporter-output>
          </reporter-output>
        </test-method> <!-- closeBrowser -->
        <test-method is-config="true" signature="launhBrowser()[pri:0, instance:selenium.MyFirstSeleniumTest@3d285d7e]" started-at="2022-02-13T19:28:09 IST" name="launhBrowser" finished-at="2022-02-13T19:28:10 IST" duration-ms="1105" status="PASS">
          <reporter-output>
          </reporter-output>
        </test-method> <!-- launhBrowser -->
        <test-method signature="myTest2()[pri:0, instance:selenium.MyFirstSeleniumTest@3d285d7e]" started-at="2022-02-13T19:28:10 IST" name="myTest2" finished-at="2022-02-13T19:28:14 IST" duration-ms="4167" status="PASS">
          <reporter-output>
          </reporter-output>
        </test-method> <!-- myTest2 -->
        <test-method is-config="true" signature="closeBrowser()[pri:0, instance:selenium.MyFirstSeleniumTest@3d285d7e]" started-at="2022-02-13T19:28:14 IST" name="closeBrowser" finished-at="2022-02-13T19:28:14 IST" duration-ms="634" status="PASS">
          <reporter-output>
          </reporter-output>
        </test-method> <!-- closeBrowser -->
      </class> <!-- selenium.MyFirstSeleniumTest -->
    </test> <!-- Command line test -->
  </suite> <!-- Command line suite -->
</testng-results>
